VARIANT_START limit=300 before_unique=3461
VARIANT_PAGE limit=300 page=1 prev=0 next=598 suggestions=178 unique=3463 added=2 count=9606
VARIANT_PAGE limit=300 page=2 prev=598 next=1198 suggestions=213 unique=3478 added=15 count=9606
VARIANT_PAGE limit=300 page=3 prev=1198 next=1798 suggestions=231 unique=3512 added=34 count=9606
VARIANT_PAGE limit=300 page=4 prev=1798 next=2398 suggestions=202 unique=3565 added=53 count=9606
VARIANT_PAGE limit=300 page=5 prev=2398 next=2998 suggestions=209 unique=3598 added=33 count=9606
VARIANT_PAGE limit=300 page=6 prev=2998 next=3598 suggestions=226 unique=3623 added=25 count=9606
VARIANT_PAGE limit=300 page=7 prev=3598 next=4198 suggestions=231 unique=3675 added=52 count=9606
VARIANT_PAGE limit=300 page=8 prev=4198 next=4798 suggestions=238 unique=3716 added=41 count=9606
VARIANT_PAGE limit=300 page=9 prev=4798 next=5398 suggestions=233 unique=3796 added=80 count=9606
VARIANT_PAGE limit=300 page=10 prev=5398 next=5998 suggestions=153 unique=3872 added=76 count=9606
VARIANT_PAGE limit=300 page=11 prev=5998 next=6598 suggestions=78 unique=3898 added=26 count=9606
VARIANT_PAGE limit=300 page=12 prev=6598 next=7198 suggestions=63 unique=3941 added=43 count=9606
VARIANT_PAGE limit=300 page=13 prev=7198 next=7798 suggestions=74 unique=3979 added=38 count=9606
VARIANT_PAGE limit=300 page=14 prev=7798 next=8398 suggestions=417 unique=3997 added=18 count=9606
VARIANT_PAGE limit=300 page=15 prev=8398 next=8998 suggestions=428 unique=3997 added=0 count=9606
VARIANT_PAGE limit=300 page=16 prev=8998 next=None suggestions=430 unique=3997 added=0 count=9606
VARIANT_START limit=100 before_unique=3997
VARIANT_PAGE limit=100 page=1 prev=0 next=198 suggestions=58 unique=3998 added=1 count=9606
VARIANT_PAGE limit=100 page=2 prev=198 next=398 suggestions=62 unique=3999 added=1 count=9606
VARIANT_PAGE limit=100 page=3 prev=398 next=598 suggestions=67 unique=4008 added=9 count=9606
VARIANT_PAGE limit=100 page=4 prev=598 next=798 suggestions=93 unique=4009 added=1 count=9606
VARIANT_PAGE limit=100 page=5 prev=798 next=998 suggestions=94 unique=4044 added=35 count=9606
VARIANT_PAGE limit=100 page=6 prev=998 next=1198 suggestions=85 unique=4046 added=2 count=9606
VARIANT_PAGE limit=100 page=7 prev=1198 next=1398 suggestions=80 unique=4047 added=1 count=9606
VARIANT_PAGE limit=100 page=8 prev=1398 next=1598 suggestions=86 unique=4062 added=15 count=9606
VARIANT_PAGE limit=100 page=9 prev=1598 next=1798 suggestions=125 unique=4110 added=48 count=9606
VARIANT_PAGE limit=100 page=10 prev=1798 next=1998 suggestions=88 unique=4113 added=3 count=9606
VARIANT_PAGE limit=100 page=11 prev=1998 next=2198 suggestions=103 unique=4117 added=4 count=9606
VARIANT_PAGE limit=100 page=12 prev=2198 next=2398 suggestions=78 unique=4136 added=19 count=9606
VARIANT_PAGE limit=100 page=13 prev=2398 next=2598 suggestions=71 unique=4136 added=0 count=9606
VARIANT_PAGE limit=100 page=14 prev=2598 next=2798 suggestions=84 unique=4150 added=14 count=9606
VARIANT_PAGE limit=100 page=15 prev=2798 next=2998 suggestions=85 unique=4168 added=18 count=9606
RESUME_VARIANT_START limit=100 sortby=-searchVolume start_prev=2998 before_unique=4168
RESUME_PAGE limit=100 sortby=-searchVolume page=1 prev=2998 next=3198 suggestions=88 unique=4168 added=0 count=9606
RESUME_PAGE limit=100 sortby=-searchVolume page=2 prev=3198 next=3398 suggestions=80 unique=4184 added=16 count=9606
RESUME_PAGE limit=100 sortby=-searchVolume page=3 prev=3398 next=3598 suggestions=77 unique=4189 added=5 count=9606
RESUME_PAGE limit=100 sortby=-searchVolume page=4 prev=3598 next=3798 suggestions=81 unique=4194 added=5 count=9606
RESUME_PAGE limit=100 sortby=-searchVolume page=5 prev=3798 next=3998 suggestions=82 unique=4198 added=4 count=9606
RESUME_PAGE limit=100 sortby=-searchVolume page=6 prev=3998 next=4198 suggestions=93 unique=4208 added=10 count=9606
RESUME_PAGE limit=100 sortby=-searchVolume page=7 prev=4198 next=4398 suggestions=93 unique=4209 added=1 count=9606
RESUME_PAGE limit=100 sortby=-searchVolume page=8 prev=4398 next=4598 suggestions=100 unique=4234 added=25 count=9606
RESUME_PAGE limit=100 sortby=-searchVolume page=9 prev=4598 next=4798 suggestions=82 unique=4237 added=3 count=9606
RESUME_PAGE limit=100 sortby=-searchVolume page=10 prev=4798 next=4998 suggestions=90 unique=4238 added=1 count=9606
