ENRICH_START total=4897 missing=2352 chunks=95
RATE_LIMIT start chunk=1 size=25 status=429 wait=240s {"error": "TOO_MANY_REQUEST", "description": "bearer token expired.", "code": ""}
RATE_LIMIT start chunk=1 size=25 status=429 wait=360s {"error": "TOO_MANY_REQUEST", "description": "bearer token expired.", "code": ""}
RATE_LIMIT start chunk=1 size=25 status=429 wait=480s {"error": "TOO_MANY_REQUEST", "description": "bearer token expired.", "code": ""}
RESUME_START at=2026-06-24T20:12:25.307253+09:00 target_keywords=500 missing_before=2352 chunk_size=50
RESUME_CHUNK at=2026-06-24T20:12:26.626064+09:00 ok=1 attempted=1 size=50 raw_rows=42 exact_updated=0 missing_now=2352 detail=
RESUME_CHUNK at=2026-06-24T20:12:27.930029+09:00 ok=2 attempted=2 size=50 raw_rows=42 exact_updated=0 missing_now=2352 detail=
RESUME2_START at=2026-06-24T20:14:13.397383+09:00 target_keywords=500 missing_before=2352 chunk_size=50
RESUME2_CHUNK at=2026-06-24T20:14:16.544557+09:00 ok=1 attempted=1 size=50 raw_rows=50 exact_updated=50 missing_now=2302 detail=
RESUME2_CHUNK at=2026-06-24T20:14:19.281499+09:00 ok=2 attempted=2 size=50 raw_rows=50 exact_updated=50 missing_now=2252 detail=
RESUME2_SPLIT at=2026-06-24T20:14:29.150861+09:00 attempted=3 size=50 detail=start_502: {"message": "Internal server error"}
RESUME2_CHUNK at=2026-06-24T20:14:58.901006+09:00 ok=3 attempted=4 size=25 raw_rows=25 exact_updated=25 missing_now=2227 detail=
RESUME2_CHUNK at=2026-06-24T20:15:29.321281+09:00 ok=4 attempted=5 size=25 raw_rows=25 exact_updated=25 missing_now=2202 detail=
RESUME2_SPLIT at=2026-06-24T20:15:43.859085+09:00 attempted=6 size=50 detail=start_502: {"message": "Internal server error"}
RESUME2_CHUNK at=2026-06-24T20:16:14.468684+09:00 ok=5 attempted=7 size=25 raw_rows=25 exact_updated=25 missing_now=2177 detail=
RESUME2_CHUNK at=2026-06-24T20:16:44.566152+09:00 ok=6 attempted=8 size=25 raw_rows=25 exact_updated=25 missing_now=2152 detail=
RESUME2_SPLIT at=2026-06-24T20:16:59.147718+09:00 attempted=9 size=50 detail=start_502: {"message": "Internal server error"}
RESUME2_CHUNK at=2026-06-24T20:17:29.667010+09:00 ok=7 attempted=10 size=25 raw_rows=25 exact_updated=25 missing_now=2127 detail=
RESUME2_CHUNK at=2026-06-24T20:17:59.204787+09:00 ok=8 attempted=11 size=25 raw_rows=25 exact_updated=25 missing_now=2102 detail=
RESUME2_SPLIT at=2026-06-24T20:18:14.108730+09:00 attempted=12 size=50 detail=start_502: {"message": "Internal server error"}
RESUME2_CHUNK at=2026-06-24T20:18:44.409270+09:00 ok=9 attempted=13 size=25 raw_rows=25 exact_updated=25 missing_now=2077 detail=
RESUME2_CHUNK at=2026-06-24T20:19:14.473227+09:00 ok=10 attempted=14 size=25 raw_rows=25 exact_updated=25 missing_now=2052 detail=
RESUME2_SPLIT at=2026-06-24T20:19:28.848019+09:00 attempted=15 size=50 detail=start_502: {"message": "Internal server error"}
RESUME2_CHUNK at=2026-06-24T20:19:59.268428+09:00 ok=11 attempted=16 size=25 raw_rows=25 exact_updated=25 missing_now=2027 detail=
RESUME2_CHUNK at=2026-06-24T20:20:29.386879+09:00 ok=12 attempted=17 size=25 raw_rows=25 exact_updated=25 missing_now=2002 detail=
RESUME2_SPLIT at=2026-06-24T20:20:43.854437+09:00 attempted=18 size=50 detail=start_502: {"message": "Internal server error"}
RESUME2_CHUNK at=2026-06-24T20:21:14.541130+09:00 ok=13 attempted=19 size=25 raw_rows=25 exact_updated=25 missing_now=1977 detail=
RESUME2_CHUNK at=2026-06-24T20:21:44.209687+09:00 ok=14 attempted=20 size=25 raw_rows=25 exact_updated=25 missing_now=1952 detail=
RESUME3_START at=2026-06-24T20:29:15.547210+09:00 target_keywords=500 missing_before=1952 chunk_size=25 max_per_minute=3
RESUME3_CHUNK at=2026-06-24T20:29:17.891625+09:00 ok=1 attempted=1 size=25 raw_rows=25 exact_updated=25 missing_now=1927 detail=
RESUME3_CHUNK at=2026-06-24T20:29:36.354712+09:00 ok=2 attempted=2 size=25 raw_rows=25 exact_updated=25 missing_now=1902 detail=
RESUME3_CHUNK at=2026-06-24T20:30:16.972174+09:00 ok=3 attempted=3 size=25 raw_rows=25 exact_updated=25 missing_now=1877 detail=
RESUME3_CHUNK at=2026-06-24T20:30:56.486437+09:00 ok=4 attempted=4 size=25 raw_rows=25 exact_updated=25 missing_now=1852 detail=
RESUME3_CHUNK at=2026-06-24T20:31:36.394464+09:00 ok=5 attempted=5 size=25 raw_rows=25 exact_updated=25 missing_now=1827 detail=
RESUME3_CHUNK at=2026-06-24T20:32:16.367266+09:00 ok=6 attempted=6 size=25 raw_rows=25 exact_updated=25 missing_now=1802 detail=
RESUME3_CHUNK at=2026-06-24T20:32:56.759836+09:00 ok=7 attempted=7 size=25 raw_rows=25 exact_updated=25 missing_now=1777 detail=
RESUME3_CHUNK at=2026-06-24T20:33:36.872378+09:00 ok=8 attempted=8 size=25 raw_rows=25 exact_updated=25 missing_now=1752 detail=
RESUME3_CHUNK at=2026-06-24T20:34:16.357506+09:00 ok=9 attempted=9 size=25 raw_rows=25 exact_updated=25 missing_now=1727 detail=
RESUME3_CHUNK at=2026-06-24T20:34:56.759273+09:00 ok=10 attempted=10 size=25 raw_rows=25 exact_updated=25 missing_now=1702 detail=
RESUME3_CHUNK at=2026-06-24T20:35:36.347375+09:00 ok=11 attempted=11 size=25 raw_rows=25 exact_updated=25 missing_now=1677 detail=
RESUME3_CHUNK at=2026-06-24T20:36:16.334115+09:00 ok=12 attempted=12 size=25 raw_rows=25 exact_updated=25 missing_now=1652 detail=
RESUME3_CHUNK at=2026-06-24T20:36:56.474918+09:00 ok=13 attempted=13 size=25 raw_rows=25 exact_updated=25 missing_now=1627 detail=
RESUME3_CHUNK at=2026-06-24T20:37:36.357887+09:00 ok=14 attempted=14 size=25 raw_rows=25 exact_updated=25 missing_now=1602 detail=
RESUME3_CHUNK at=2026-06-24T20:38:16.521631+09:00 ok=15 attempted=15 size=25 raw_rows=25 exact_updated=25 missing_now=1577 detail=
RESUME3_CHUNK at=2026-06-24T20:38:56.558386+09:00 ok=16 attempted=16 size=25 raw_rows=25 exact_updated=25 missing_now=1552 detail=
RESUME3_CHUNK at=2026-06-24T20:39:36.116698+09:00 ok=17 attempted=17 size=25 raw_rows=25 exact_updated=25 missing_now=1527 detail=
RESUME3_CHUNK at=2026-06-24T20:40:16.629296+09:00 ok=18 attempted=18 size=25 raw_rows=25 exact_updated=25 missing_now=1502 detail=
RESUME3_CHUNK at=2026-06-24T20:40:56.340410+09:00 ok=19 attempted=19 size=25 raw_rows=25 exact_updated=25 missing_now=1477 detail=
RESUME3_CHUNK at=2026-06-24T20:41:36.500302+09:00 ok=20 attempted=20 size=25 raw_rows=25 exact_updated=25 missing_now=1452 detail=
RESUME3_DONE at=2026-06-24T20:41:36.724300+09:00 chunks_ok=20 chunks_attempted=20 updated=500 missing_after=1452 rate_limited=False
RESUME4_START at=2026-06-24T21:53:21.273717+09:00 target_keywords=500 missing_before=1452 chunk_size=25 max_per_minute=3
RESUME4_CHUNK at=2026-06-24T21:53:23.881429+09:00 ok=1 attempted=1 size=25 raw_rows=25 exact_updated=25 missing_now=1427 detail=
RESUME4_CHUNK at=2026-06-24T21:53:42.334134+09:00 ok=2 attempted=2 size=25 raw_rows=25 exact_updated=25 missing_now=1402 detail=
RESUME4_CHUNK at=2026-06-24T21:54:22.317400+09:00 ok=3 attempted=3 size=25 raw_rows=25 exact_updated=25 missing_now=1377 detail=
RESUME4_CHUNK at=2026-06-24T21:55:02.119456+09:00 ok=4 attempted=4 size=25 raw_rows=25 exact_updated=25 missing_now=1352 detail=
RESUME4_CHUNK at=2026-06-24T21:55:42.385962+09:00 ok=5 attempted=5 size=25 raw_rows=25 exact_updated=25 missing_now=1327 detail=
RESUME4_CHUNK at=2026-06-24T21:56:22.109411+09:00 ok=6 attempted=6 size=25 raw_rows=25 exact_updated=25 missing_now=1302 detail=
RESUME4_CHUNK at=2026-06-24T21:57:02.107437+09:00 ok=7 attempted=7 size=25 raw_rows=25 exact_updated=25 missing_now=1277 detail=
RESUME4_CHUNK at=2026-06-24T21:57:42.076667+09:00 ok=8 attempted=8 size=25 raw_rows=25 exact_updated=25 missing_now=1252 detail=
RESUME4_CHUNK at=2026-06-24T21:58:22.139549+09:00 ok=9 attempted=9 size=25 raw_rows=25 exact_updated=25 missing_now=1227 detail=
RESUME4_CHUNK at=2026-06-24T21:59:01.962052+09:00 ok=10 attempted=10 size=25 raw_rows=25 exact_updated=25 missing_now=1202 detail=
RESUME4_CHUNK at=2026-06-24T21:59:42.117883+09:00 ok=11 attempted=11 size=25 raw_rows=25 exact_updated=25 missing_now=1177 detail=
RESUME4_CHUNK at=2026-06-24T22:00:22.169269+09:00 ok=12 attempted=12 size=25 raw_rows=25 exact_updated=25 missing_now=1152 detail=
RESUME4_CHUNK at=2026-06-24T22:01:01.926767+09:00 ok=13 attempted=13 size=25 raw_rows=25 exact_updated=25 missing_now=1127 detail=
RESUME4_CHUNK at=2026-06-24T22:01:42.521553+09:00 ok=14 attempted=14 size=25 raw_rows=25 exact_updated=25 missing_now=1102 detail=
RESUME4_CHUNK at=2026-06-24T22:02:22.167004+09:00 ok=15 attempted=15 size=25 raw_rows=25 exact_updated=25 missing_now=1077 detail=
RESUME4_CHUNK at=2026-06-24T22:03:02.533062+09:00 ok=16 attempted=16 size=25 raw_rows=25 exact_updated=25 missing_now=1052 detail=
RESUME4_CHUNK at=2026-06-24T22:03:42.260627+09:00 ok=17 attempted=17 size=25 raw_rows=25 exact_updated=25 missing_now=1027 detail=
RESUME4_CHUNK at=2026-06-24T22:04:22.224261+09:00 ok=18 attempted=18 size=25 raw_rows=25 exact_updated=25 missing_now=1002 detail=
RESUME4_CHUNK at=2026-06-24T22:05:01.886573+09:00 ok=19 attempted=19 size=25 raw_rows=25 exact_updated=25 missing_now=977 detail=
RESUME4_CHUNK at=2026-06-24T22:05:42.156652+09:00 ok=20 attempted=20 size=25 raw_rows=25 exact_updated=25 missing_now=952 detail=
RESUME4_DONE at=2026-06-24T22:05:42.371016+09:00 chunks_ok=20 chunks_attempted=20 updated=500 missing_after=952 rate_limited=False
RESUME5_START at=2026-06-24T22:06:53.737174+09:00 target_keywords=500 missing_before=952 chunk_size=25 max_per_minute=3
RESUME5_CHUNK at=2026-06-24T22:06:55.343944+09:00 ok=1 attempted=1 size=25 raw_rows=25 exact_updated=25 missing_now=927 detail=
RESUME5_CHUNK at=2026-06-24T22:07:14.831874+09:00 ok=2 attempted=2 size=25 raw_rows=25 exact_updated=25 missing_now=902 detail=
RESUME5_CHUNK at=2026-06-24T22:07:54.725672+09:00 ok=3 attempted=3 size=25 raw_rows=25 exact_updated=25 missing_now=877 detail=
RESUME5_CHUNK at=2026-06-24T22:08:34.656024+09:00 ok=4 attempted=4 size=25 raw_rows=25 exact_updated=25 missing_now=852 detail=
RESUME5_CHUNK at=2026-06-24T22:09:14.694552+09:00 ok=5 attempted=5 size=25 raw_rows=25 exact_updated=25 missing_now=827 detail=
RESUME5_CHUNK at=2026-06-24T22:09:54.682543+09:00 ok=6 attempted=6 size=25 raw_rows=25 exact_updated=25 missing_now=802 detail=
RESUME5_CHUNK at=2026-06-24T22:10:34.736270+09:00 ok=7 attempted=7 size=25 raw_rows=25 exact_updated=25 missing_now=777 detail=
RESUME5_CHUNK at=2026-06-24T22:11:14.660800+09:00 ok=8 attempted=8 size=25 raw_rows=25 exact_updated=25 missing_now=752 detail=
RESUME5_CHUNK at=2026-06-24T22:11:54.579446+09:00 ok=9 attempted=9 size=25 raw_rows=25 exact_updated=25 missing_now=727 detail=
RESUME5_CHUNK at=2026-06-24T22:12:34.582959+09:00 ok=10 attempted=10 size=25 raw_rows=25 exact_updated=25 missing_now=702 detail=
RESUME5_CHUNK at=2026-06-24T22:13:14.716346+09:00 ok=11 attempted=11 size=25 raw_rows=25 exact_updated=25 missing_now=677 detail=
RESUME5_CHUNK at=2026-06-24T22:13:54.662515+09:00 ok=12 attempted=12 size=25 raw_rows=25 exact_updated=25 missing_now=652 detail=
RESUME5_CHUNK at=2026-06-24T22:14:34.777357+09:00 ok=13 attempted=13 size=25 raw_rows=25 exact_updated=25 missing_now=627 detail=
RESUME5_CHUNK at=2026-06-24T22:15:14.568343+09:00 ok=14 attempted=14 size=25 raw_rows=25 exact_updated=25 missing_now=602 detail=
RESUME5_CHUNK at=2026-06-24T22:15:54.688033+09:00 ok=15 attempted=15 size=25 raw_rows=25 exact_updated=25 missing_now=577 detail=
RESUME5_CHUNK at=2026-06-24T22:16:34.744799+09:00 ok=16 attempted=16 size=25 raw_rows=24 exact_updated=24 missing_now=553 detail=
RESUME5_CHUNK at=2026-06-24T22:17:14.622574+09:00 ok=17 attempted=17 size=25 raw_rows=25 exact_updated=25 missing_now=528 detail=
RESUME5_CHUNK at=2026-06-24T22:17:54.558778+09:00 ok=18 attempted=18 size=25 raw_rows=25 exact_updated=25 missing_now=503 detail=
RESUME5_CHUNK at=2026-06-24T22:18:34.622881+09:00 ok=19 attempted=19 size=25 raw_rows=25 exact_updated=25 missing_now=478 detail=
RESUME5_CHUNK at=2026-06-24T22:19:14.880930+09:00 ok=20 attempted=20 size=25 raw_rows=25 exact_updated=25 missing_now=453 detail=
RESUME5_DONE at=2026-06-24T22:19:15.089022+09:00 chunks_ok=20 chunks_attempted=20 updated=499 missing_after=453 rate_limited=False
RESUME6_START at=2026-06-24T22:20:11.660797+09:00 target_keywords=453 missing_before=453 chunk_size=25 max_per_minute=3
RESUME6_CHUNK at=2026-06-24T22:20:14.527581+09:00 ok=1 attempted=1 size=25 raw_rows=24 exact_updated=24 missing_now=429 detail=
RESUME6_CHUNK at=2026-06-24T22:20:32.662352+09:00 ok=2 attempted=2 size=25 raw_rows=25 exact_updated=25 missing_now=404 detail=
RESUME6_CHUNK at=2026-06-24T22:21:12.810618+09:00 ok=3 attempted=3 size=25 raw_rows=25 exact_updated=25 missing_now=379 detail=
RESUME6_CHUNK at=2026-06-24T22:21:52.630918+09:00 ok=4 attempted=4 size=25 raw_rows=25 exact_updated=25 missing_now=354 detail=
RESUME6_CHUNK at=2026-06-24T22:22:32.534206+09:00 ok=5 attempted=5 size=25 raw_rows=25 exact_updated=25 missing_now=329 detail=
RESUME6_CHUNK at=2026-06-24T22:23:12.979035+09:00 ok=6 attempted=6 size=25 raw_rows=25 exact_updated=25 missing_now=304 detail=
RESUME6_RATE_LIMIT at=2026-06-24T22:23:52.201894+09:00 attempted=7 size=25 detail=status_429: {"error": "TOO_MANY_REQUEST", "description": "bearer token expired.", "code": ""}
RESUME6_DONE at=2026-06-24T22:23:52.309452+09:00 chunks_ok=6 chunks_attempted=7 updated=149 missing_after=304 rate_limited=True
